# JRE version: OpenJDK Runtime Environment (11.0.12+7) (build 11.0.12+7-b1504.28-7817840)
# Java VM: OpenJDK 64-Bit Server VM (11.0.12+7-b1504.28-7817840, mixed mode, tiered, compressed oops, g1 gc, windows-amd64)
Heap:
 garbage-first heap   total 187392K, used 110779K [0x0000000080000000, 0x0000000100000000)
  region size 1024K, 68 young (69632K), 3 survivors (3072K)
 Metaspace       used 64902K, capacity 66456K, committed 66636K, reserved 1107968K
  class space    used 8235K, capacity 8832K, committed 8832K, reserved 1048576K
GC Heap History (20 events):
Event: 1.941 GC heap before
{Heap before GC invocations=2 (full 0):
 garbage-first heap   total 129024K, used 38036K [0x0000000080000000, 0x0000000100000000)
  region size 1024K, 30 young (30720K), 2 survivors (2048K)
 Metaspace       used 10861K, capacity 11073K, committed 11264K, reserved 1058816K
  class space    used 1130K, capacity 1207K, committed 1280K, reserved 1048576K
}
Event: 1.944 GC heap after
{Heap after GC invocations=3 (full 0):
 garbage-first heap   total 129024K, used 11982K [0x0000000080000000, 0x0000000100000000)
  region size 1024K, 4 young (4096K), 4 survivors (4096K)
 Metaspace       used 10861K, capacity 11073K, committed 11264K, reserved 1058816K
  class space    used 1130K, capacity 1207K, committed 1280K, reserved 1048576K
}
Event: 3.764 GC heap before
{Heap before GC invocations=3 (full 0):
 garbage-first heap   total 129024K, used 60110K [0x0000000080000000, 0x0000000100000000)
  region size 1024K, 51 young (52224K), 4 survivors (4096K)
 Metaspace       used 18147K, capacity 18485K, committed 18688K, reserved 1064960K
  class space    used 2155K, capacity 2274K, committed 2304K, reserved 1048576K
}
Event: 3.772 GC heap after
{Heap after GC invocations=4 (full 0):
 garbage-first heap   total 129024K, used 16329K [0x0000000080000000, 0x0000000100000000)
  region size 1024K, 7 young (7168K), 7 survivors (7168K)
 Metaspace       used 18147K, capacity 18485K, committed 18688K, reserved 1064960K
  class space    used 2155K, capacity 2274K, committed 2304K, reserved 1048576K
}
Event: 4.125 GC heap before
{Heap before GC invocations=4 (full 0):
 garbage-first heap   total 129024K, used 38857K [0x0000000080000000, 0x0000000100000000)
  region size 1024K, 31 young (31744K), 7 survivors (7168K)
 Metaspace       used 20765K, capacity 21138K, committed 21248K, reserved 1067008K
  class space    used 2549K, capacity 2711K, committed 2816K, reserved 1048576K
}
Event: 4.133 GC heap after
{Heap after GC invocations=5 (full 0):
 garbage-first heap   total 129024K, used 17135K [0x0000000080000000, 0x0000000100000000)
  region size 1024K, 6 young (6144K), 6 survivors (6144K)
 Metaspace       used 20765K, capacity 21138K, committed 21248K, reserved 1067008K
  class space    used 2549K, capacity 2711K, committed 2816K, reserved 1048576K
}
Event: 5.151 GC heap before
{Heap before GC invocations=6 (full 0):
 garbage-first heap   total 129024K, used 68335K [0x0000000080000000, 0x0000000100000000)
  region size 1024K, 56 young (57344K), 6 survivors (6144K)
 Metaspace       used 26074K, capacity 26617K, committed 26752K, reserved 1073152K
  class space    used 3374K, capacity 3585K, committed 3712K, reserved 1048576K
}
Event: 5.159 GC heap after
{Heap after GC invocations=7 (full 0):
 garbage-first heap   total 129024K, used 19105K [0x0000000080000000, 0x0000000100000000)
  region size 1024K, 3 young (3072K), 3 survivors (3072K)
 Metaspace       used 26074K, capacity 26617K, committed 26752K, reserved 1073152K
  class space    used 3374K, capacity 3585K, committed 3712K, reserved 1048576K
}
Event: 6.030 GC heap before
{Heap before GC invocations=7 (full 0):
 garbage-first heap   total 129024K, used 73377K [0x0000000080000000, 0x0000000100000000)
  region size 1024K, 56 young (57344K), 3 survivors (3072K)
 Metaspace       used 31534K, capacity 32198K, committed 32384K, reserved 1077248K
  class space    used 4221K, capacity 4473K, committed 4480K, reserved 1048576K
}
Event: 6.039 GC heap after
{Heap after GC invocations=8 (full 0):
 garbage-first heap   total 155648K, used 20598K [0x0000000080000000, 0x0000000100000000)
  region size 1024K, 5 young (5120K), 5 survivors (5120K)
 Metaspace       used 31534K, capacity 32198K, committed 32384K, reserved 1077248K
  class space    used 4221K, capacity 4473K, committed 4480K, reserved 1048576K
}
Event: 6.422 GC heap before
{Heap before GC invocations=8 (full 0):
 garbage-first heap   total 155648K, used 28790K [0x0000000080000000, 0x0000000100000000)
  region size 1024K, 14 young (14336K), 5 survivors (5120K)
 Metaspace       used 34945K, capacity 35786K, committed 35840K, reserved 1081344K
  class space    used 4532K, capacity 4839K, committed 4864K, reserved 1048576K
}
Event: 6.435 GC heap after
{Heap after GC invocations=9 (full 0):
 garbage-first heap   total 155648K, used 22169K [0x0000000080000000, 0x0000000100000000)
  region size 1024K, 6 young (6144K), 6 survivors (6144K)
 Metaspace       used 34945K, capacity 35786K, committed 35840K, reserved 1081344K
  class space    used 4532K, capacity 4839K, committed 4864K, reserved 1048576K
}
Event: 7.516 GC heap before
{Heap before GC invocations=10 (full 0):
 garbage-first heap   total 155648K, used 89753K [0x0000000080000000, 0x0000000100000000)
  region size 1024K, 70 young (71680K), 6 survivors (6144K)
 Metaspace       used 39951K, capacity 40847K, committed 41036K, reserved 1085440K
  class space    used 5109K, capacity 5434K, committed 5504K, reserved 1048576K
}
Event: 7.530 GC heap after
{Heap after GC invocations=11 (full 0):
 garbage-first heap   total 155648K, used 27354K [0x0000000080000000, 0x0000000100000000)
  region size 1024K, 9 young (9216K), 9 survivors (9216K)
 Metaspace       used 39951K, capacity 40847K, committed 41036K, reserved 1085440K
  class space    used 5109K, capacity 5434K, committed 5504K, reserved 1048576K
}
Event: 9.193 GC heap before
{Heap before GC invocations=11 (full 0):
 garbage-first heap   total 155648K, used 96986K [0x0000000080000000, 0x0000000100000000)
  region size 1024K, 76 young (77824K), 9 survivors (9216K)
 Metaspace       used 46262K, capacity 47354K, committed 47564K, reserved 1091584K
  class space    used 5947K, capacity 6358K, committed 6400K, reserved 1048576K
}
Event: 9.212 GC heap after
{Heap after GC invocations=12 (full 0):
 garbage-first heap   total 155648K, used 29492K [0x0000000080000000, 0x0000000100000000)
  region size 1024K, 3 young (3072K), 3 survivors (3072K)
 Metaspace       used 46262K, capacity 47354K, committed 47564K, reserved 1091584K
  class space    used 5947K, capacity 6358K, committed 6400K, reserved 1048576K
}
Event: 12.506 GC heap before
{Heap before GC invocations=12 (full 0):
 garbage-first heap   total 155648K, used 113460K [0x0000000080000000, 0x0000000100000000)
  region size 1024K, 82 young (83968K), 3 survivors (3072K)
 Metaspace       used 51191K, capacity 52464K, committed 52556K, reserved 1095680K
  class space    used 6529K, capacity 7022K, committed 7040K, reserved 1048576K
}
Event: 12.519 GC heap after
{Heap after GC invocations=13 (full 0):
 garbage-first heap   total 187392K, used 42709K [0x0000000080000000, 0x0000000100000000)
  region size 1024K, 11 young (11264K), 11 survivors (11264K)
 Metaspace       used 51191K, capacity 52464K, committed 52556K, reserved 1095680K
  class space    used 6529K, capacity 7022K, committed 7040K, reserved 1048576K
}
Event: 14.332 GC heap before
{Heap before GC invocations=13 (full 0):
 garbage-first heap   total 187392K, used 92885K [0x0000000080000000, 0x0000000100000000)
  region size 1024K, 61 young (62464K), 11 survivors (11264K)
 Metaspace       used 58821K, capacity 60196K, committed 60288K, reserved 1101824K
  class space    used 7483K, capacity 8016K, committed 8064K, reserved 1048576K
}
Event: 14.359 GC heap after
{Heap after GC invocations=14 (full 0):
 garbage-first heap   total 187392K, used 45243K [0x0000000080000000, 0x0000000100000000)
  region size 1024K, 3 young (3072K), 3 survivors (3072K)
 Metaspace       used 58821K, capacity 60196K, committed 60288K, reserved 1101824K
  class space    used 7483K, capacity 8016K, committed 8064K, reserved 1048576K
}

